992.929292929 K. Root finder failed once: float() argument must be a string or a number
985.858585859 K. Root finder failed once: Could not find root within given tolerance. (2.00409e-05 > 1e-22)
Try another starting point or tweak arguments.
978.787878788 K. Root finder failed once: float() argument must be a string or a number
971.717171717 K. Root finder failed once: float() argument must be a string or a number
957.575757576 K. Root finder failed once: Could not find root within given tolerance. (0.589997 > 2.40741e-35)
Try another starting point or tweak arguments.
950.505050505 K. Root finder failed once: Could not find root within given tolerance. (1.94588e-05 > 1e-22)
Try another starting point or tweak arguments.
943.434343434 K. Root finder failed once: Could not find root within given tolerance. (0.00254471 > 1e-22)
Try another starting point or tweak arguments.
936.363636364 K. Root finder failed once: Could not find root within given tolerance. (1.97792e-06 > 1e-22)
Try another starting point or tweak arguments.
929.292929293 K. Root finder failed once: Could not find root within given tolerance. (1.3346e-08 > 1e-22)
Try another starting point or tweak arguments.
915.151515152 K. Root finder failed once: float() argument must be a string or a number
908.080808081 K. Root finder failed once: float() argument must be a string or a number
901.01010101 K. Root finder failed once: Could not find root within given tolerance. (4.84151 > 2.40741e-35)
Try another starting point or tweak arguments.
893.939393939 K. Root finder failed once: Could not find root within given tolerance. (5.26039e-06 > 1e-22)
Try another starting point or tweak arguments.
886.868686869 K. Root finder failed once: float() argument must be a string or a number
